-------------------------------------------------------------------------------
Test set: TestSuite
-------------------------------------------------------------------------------
Tests run: 3, Failures: 1, Errors: 0, Skipped: 0, Time elapsed: 45.099 s <<< FAILURE! - in TestSuite
orderhistory(MainAutoProject.SubmitOrderTest)  Time elapsed: 1.705 s  <<< FAILURE!
java.lang.AssertionError: expected [true] but found [false]
	at MainAutoProject.SubmitOrderTest.orderhistory(SubmitOrderTest.java:61)

